<?xml version="1.0" encoding="UTF-8"?>
<!-- Generated by org.testng.reporters.JUnitReportReporter -->
<testsuite name="com.qa.test.nopCommerce_Test" tests="5" time="50.790" ignored="0" failures="0" timestamp="10 Jan 2020 14:27:06 GMT" skipped="0" hostname="DESKTOP-F8THS86" errors="0">
  <testcase name="WelcomeSignIn" time="2.517" classname="com.qa.test.nopCommerce_Test"/>
  <testcase name="JewelryAddToCart" time="11.540" classname="com.qa.test.nopCommerce_Test"/>
  <testcase name="CommerceNeccesaryDetails" time="12.361" classname="com.qa.test.nopCommerce_Test"/>
  <testcase name="CellPhoneAddTocart" time="10.889" classname="com.qa.test.nopCommerce_Test"/>
  <testcase name="JewelryItemUpdate" time="13.483" classname="com.qa.test.nopCommerce_Test"/>
</testsuite> <!-- com.qa.test.nopCommerce_Test -->
