<?xml version="1.0" encoding="UTF-8"?>
<!-- Generated by org.testng.reporters.JUnitReportReporter -->
<testsuite hostname="om-PC" failures="0" tests="1" name="com.qa.pages.CheckoutPage" time="20.013" errors="0" timestamp="2020-01-10T22:19:46 IST" skipped="0">
  <testcase classname="com.qa.pages.CheckoutPage" name="CheckoutOrderDetails" time="20.013"/>
</testsuite> <!-- com.qa.pages.CheckoutPage -->
