<?xml version="1.0" encoding="UTF-8"?>
<!-- Generated by org.testng.reporters.JUnitReportReporter -->
<testsuite skipped="0" hostname="LP-CNU3099WJB" name="com.qa.test.HomePageTest" tests="1" failures="0" timestamp="09 Jan 2020 12:41:26 GMT" time="3.397" errors="0">
  <testcase name="Scrolltoaccount" time="3.397" classname="com.qa.test.HomePageTest"/>
</testsuite> <!-- com.qa.test.HomePageTest -->
