<?xml version="1.0" encoding="UTF-8"?>
<!-- Generated by org.testng.reporters.JUnitReportReporter -->
<testsuite skipped="0" hostname="LP-GLRK7R1" name="com.qa.test.TestCase001" tests="2" failures="0" timestamp="10 Jan 2020 07:09:30 GMT" time="9.191" errors="0">
  <testcase name="LoginDemoGuru" time="3.087" classname="com.qa.test.TestCase001"/>
  <testcase name="InsurancePage" time="6.104" classname="com.qa.test.TestCase001"/>
</testsuite> <!-- com.qa.test.TestCase001 -->
