<?xml version="1.0" encoding="UTF-8"?>
<!-- Generated by org.testng.reporters.JUnitReportReporter -->
<testsuite skipped="0" hostname="DESKTOP-VFRF3MD" name="com.qa.test.TC0001" tests="5" failures="0" timestamp="10 Jan 2020 14:05:37 GMT" time="33.689" errors="0">
  <testcase name="mouseHoverElectronics" time="2.646" classname="com.qa.test.TC0001"/>
  <testcase name="addCellPhones" time="12.399" classname="com.qa.test.TC0001"/>
  <testcase name="addJewelryToCart" time="5.229" classname="com.qa.test.TC0001"/>
  <testcase name="verifyCart" time="4.636" classname="com.qa.test.TC0001"/>
  <testcase name="OrderSuccess" time="8.779" classname="com.qa.test.TC0001"/>
</testsuite> <!-- com.qa.test.TC0001 -->
