<?xml version="1.0" encoding="UTF-8"?>
<!-- Generated by org.testng.reporters.JUnitReportReporter -->
<testsuite skipped="0" hostname="LP-5CG51021N6" name="com.qa.test.NopCommerce.NopCommerceTest" tests="10" failures="0" timestamp="10 Jan 2020 14:12:33 GMT" time="38.264" errors="0">
  <testcase name="TC001" time="1.858" classname="com.qa.test.NopCommerce.NopCommerceTest"/>
  <testcase name="TC002" time="10.936" classname="com.qa.test.NopCommerce.NopCommerceTest"/>
  <testcase name="TC003" time="1.809" classname="com.qa.test.NopCommerce.NopCommerceTest"/>
  <testcase name="TC004" time="0.526" classname="com.qa.test.NopCommerce.NopCommerceTest"/>
  <testcase name="TC005" time="7.986" classname="com.qa.test.NopCommerce.NopCommerceTest"/>
  <testcase name="TC006" time="0.328" classname="com.qa.test.NopCommerce.NopCommerceTest"/>
  <testcase name="TC007" time="1.313" classname="com.qa.test.NopCommerce.NopCommerceTest"/>
  <testcase name="TC008" time="0.502" classname="com.qa.test.NopCommerce.NopCommerceTest"/>
  <testcase name="TC009" time="3.388" classname="com.qa.test.NopCommerce.NopCommerceTest"/>
  <testcase name="TC010" time="9.618" classname="com.qa.test.NopCommerce.NopCommerceTest"/>
</testsuite> <!-- com.qa.test.NopCommerce.NopCommerceTest -->
