<?xml version="1.0" encoding="UTF-8"?>
<!-- Generated by org.testng.reporters.JUnitReportReporter -->
<testsuite skipped="0" hostname="LP-GLRK7R1" name="com.qa.test.Testcase" tests="2" failures="0" timestamp="09 Jan 2020 11:37:49 GMT" time="9.764" errors="0">
  <testcase name="LoginDemoGuru" time="2.376" classname="com.qa.test.Testcase"/>
  <testcase name="InsurancePage" time="7.388" classname="com.qa.test.Testcase"/>
</testsuite> <!-- com.qa.test.Testcase -->
