<?xml version="1.0" encoding="UTF-8"?>
<!-- Generated by org.testng.reporters.JUnitReportReporter -->
<testsuite hostname="DESKTOP-32OK8HI" name="com.qa.test.allHomePageTest" tests="2" failures="0" timestamp="10 Jan 2020 08:02:17 GMT" time="29.583" errors="0">
  <testcase name="TC_002" time="11.290" classname="com.qa.test.allHomePageTest"/>
  <testcase name="TC_001" time="18.293" classname="com.qa.test.allHomePageTest"/>
</testsuite> <!-- com.qa.test.allHomePageTest -->
