<?xml version="1.0" encoding="UTF-8"?>
<!-- Generated by org.testng.reporters.JUnitReportReporter -->
<testsuite skipped="0" hostname="DESKTOP-N49TU7U" name="com.qa.test.NopcommerceScript" tests="7" failures="0" timestamp="10 Jan 2020 14:09:19 GMT" time="27.510" errors="0">
  <testcase name="ElectronicsPurcase" time="1.832" classname="com.qa.test.NopcommerceScript"/>
  <testcase name="AddPhoneToCart" time="10.090" classname="com.qa.test.NopcommerceScript"/>
  <testcase name="AddJewelryToCart" time="1.322" classname="com.qa.test.NopcommerceScript"/>
  <testcase name="VerifyShoppingCart" time="9.167" classname="com.qa.test.NopcommerceScript"/>
  <testcase name="UpdateShoppingCart" time="2.032" classname="com.qa.test.NopcommerceScript"/>
  <testcase name="VerifyCheckoutLandingPageHeading" time="1.449" classname="com.qa.test.NopcommerceScript"/>
  <testcase name="CheckOutGuest" time="1.618" classname="com.qa.test.NopcommerceScript"/>
</testsuite> <!-- com.qa.test.NopcommerceScript -->
