<?xml version="1.0" encoding="UTF-8"?>
<!-- Generated by org.testng.reporters.JUnitReportReporter -->
<testsuite skipped="0" hostname="LP-5CG51721SD" name="com.qa.test.NopcommerceNanvigation" tests="5" failures="0" timestamp="10 Jan 2020 11:31:26 GMT" time="26.867" errors="0">
  <testcase name="homepagenavigation" time="3.143" classname="com.qa.test.NopcommerceNanvigation"/>
  <testcase name="Addingcellstocart" time="9.638" classname="com.qa.test.NopcommerceNanvigation"/>
  <testcase name="Addingjewellarytocart" time="8.051" classname="com.qa.test.NopcommerceNanvigation"/>
  <testcase name="Updateshoppingcart" time="3.383" classname="com.qa.test.NopcommerceNanvigation"/>
  <testcase name="Signin" time="2.652" classname="com.qa.test.NopcommerceNanvigation"/>
</testsuite> <!-- com.qa.test.NopcommerceNanvigation -->
