<?xml version="1.0" encoding="UTF-8"?>
<!-- Generated by org.testng.reporters.JUnitReportReporter -->
<testsuite skipped="0" hostname="LP-5CG51021N6" name="com.qa.test.Testcase" tests="2" failures="0" timestamp="09 Jan 2020 09:53:10 GMT" time="9.317" errors="0">
  <testcase name="LoginDemoGuru" time="2.472" classname="com.qa.test.Testcase"/>
  <testcase name="InsurancePage" time="6.845" classname="com.qa.test.Testcase"/>
</testsuite> <!-- com.qa.test.Testcase -->
