<?xml version="1.0" encoding="UTF-8"?>
<!-- Generated by org.testng.reporters.JUnitReportReporter -->
<testsuite hostname="om-PC" failures="0" tests="1" name="com.qa.pages.ElectronicsPage" time="15.287" errors="0" timestamp="2020-01-10T22:19:46 IST" skipped="0">
  <testcase classname="com.qa.pages.ElectronicsPage" name="ClickOnCellAndAddtoCart" time="15.287"/>
</testsuite> <!-- com.qa.pages.ElectronicsPage -->
