<?xml version="1.0" encoding="UTF-8"?>
<!-- Generated by org.testng.reporters.JUnitReportReporter -->
<testsuite skipped="1" hostname="DESKTOP-CMVDR4G" name="com.qa.pages.SampleTest" tests="2" failures="0" timestamp="08 Jan 2020 08:01:52 GMT" time="1.796" errors="0">
  <testcase name="runData" time="1.796" classname="com.qa.pages.SampleTest"/>
  <testcase name="test_Home_Page_Appear_Correct" time="0.000" classname="com.qa.pages.SampleTest">
    <skipped/>
  </testcase> <!-- test_Home_Page_Appear_Correct -->
</testsuite> <!-- com.qa.pages.SampleTest -->
