<?xml version="1.0" encoding="UTF-8"?>
<!-- Generated by org.testng.reporters.JUnitReportReporter -->
<testsuite name="com.qa.test.nopCommerce_CellPhoneLowestPriceTest" tests="2" time="23.925" ignored="0" failures="0" timestamp="10 Jan 2020 09:33:59 GMT" skipped="0" hostname="DESKTOP-F8THS86" errors="0">
  <testcase name="JewelryAddToCart" time="11.546" classname="com.qa.test.nopCommerce_CellPhoneLowestPriceTest"/>
  <testcase name="CellPhoneAddTocart" time="12.379" classname="com.qa.test.nopCommerce_CellPhoneLowestPriceTest"/>
</testsuite> <!-- com.qa.test.nopCommerce_CellPhoneLowestPriceTest -->
