<?xml version="1.0" encoding="UTF-8"?>
<!-- Generated by org.testng.reporters.JUnitReportReporter -->
<testsuite hostname="DESKTOP-32OK8HI" name="com.qa.test.AddingJewelryToCart" tests="3" failures="0" timestamp="10 Jan 2020 13:44:27 GMT" time="123.012" errors="0">
  <testcase name="OrderCheckoutcart" time="101.668" classname="com.qa.test.AddingJewelryToCart"/>
  <testcase name="AddingJewelryToCart" time="15.094" classname="com.qa.test.AddingJewelryToCart"/>
  <testcase name="ValidatingShoppingCart" time="6.250" classname="com.qa.test.AddingJewelryToCart"/>
</testsuite> <!-- com.qa.test.AddingJewelryToCart -->
