<?xml version="1.0" encoding="UTF-8"?>
<!-- Generated by org.testng.reporters.JUnitReportReporter -->
<testsuite name="com.qa.test.nopCommerce_Test" tests="1" time="6.460" ignored="0" failures="0" timestamp="10 Jan 2020 07:43:12 GMT" skipped="0" hostname="DESKTOP-I6Q45NM" errors="0">
  <testcase name="verifyClickCellphone" time="6.460" classname="com.qa.test.nopCommerce_Test"/>
</testsuite> <!-- com.qa.test.nopCommerce_Test -->
