<?xml version="1.0" encoding="UTF-8"?>
<!-- Generated by org.testng.reporters.JUnitReportReporter -->
<testsuite hostname="DESKTOP-32OK8HI" name="SilapurGirish51750336.AlliantcreditunionHomePageTest" tests="4" failures="0" timestamp="9 Jan 2020 11:02:28 GMT" time="11.227" errors="0">
  <testcase name="ValidatinghomePageTitle" time="0.304" classname="SilapurGirish51750336.AlliantcreditunionHomePageTest"/>
  <testcase name="ValidatingBankSections" time="0.363" classname="SilapurGirish51750336.AlliantcreditunionHomePageTest"/>
  <testcase name="Validating_Alliant_BankSections" time="4.988" classname="SilapurGirish51750336.AlliantcreditunionHomePageTest"/>
  <testcase name="Validating_Alliant_HomePageSections" time="5.572" classname="SilapurGirish51750336.AlliantcreditunionHomePageTest"/>
</testsuite> <!-- SilapurGirish51750336.AlliantcreditunionHomePageTest -->
