<?xml version="1.0" encoding="UTF-8"?>
<!-- Generated by org.testng.reporters.JUnitReportReporter -->
<testsuite skipped="0" hostname="DESKTOP-N49TU7U" name="com.qa.test.LandingPageScript" tests="1" failures="0" timestamp="09 Jan 2020 12:55:15 GMT" time="2.101" errors="0">
  <testcase name="LandingPageScroll" time="2.101" classname="com.qa.test.LandingPageScript"/>
</testsuite> <!-- com.qa.test.LandingPageScript -->
