<?xml version="1.0" encoding="UTF-8"?>
<!-- Generated by org.testng.reporters.JUnitReportReporter -->
<testsuite skipped="0" hostname="DESKTOP-VFRF3MD" name="com.qa.test.HomePageTest" tests="1" failures="0" timestamp="10 Jan 2020 07:14:56 GMT" time="1.380" errors="0">
  <testcase name="mouseHoverElectronics" time="1.380" classname="com.qa.test.HomePageTest"/>
</testsuite> <!-- com.qa.test.HomePageTest -->
