<?xml version="1.0" encoding="UTF-8"?>
<!-- Generated by org.testng.reporters.JUnitReportReporter -->
<testsuite skipped="0" hostname="LP-GLRK7R1" name="com.qa.pages.SampleTest" tests="2" failures="0" timestamp="09 Jan 2020 06:50:39 GMT" time="12.683" errors="0">
  <testcase name="LoginwithParticularusecase" time="3.130" classname="com.qa.pages.SampleTest"/>
  <testcase name="Insurance" time="9.553" classname="com.qa.pages.SampleTest"/>
</testsuite> <!-- com.qa.pages.SampleTest -->
