<?xml version="1.0" encoding="UTF-8"?>
<!-- Generated by org.testng.reporters.JUnitReportReporter -->
<testsuite hostname="DESKTOP-32OK8HI" name="com.qa.pages.SampleTest" tests="1" failures="0" timestamp="7 Jan 2020 11:23:26 GMT" time="1.948" errors="0">
  <testcase name="test_Home_Page_Appear_Correct" time="1.948" classname="com.qa.pages.SampleTest"/>
</testsuite> <!-- com.qa.pages.SampleTest -->
