<?xml version="1.0" encoding="UTF-8"?>
<!-- Generated by org.testng.reporters.JUnitReportReporter -->
<testsuite name="com.qa.test.nopCommerce_Test" tests="4" time="38.875" ignored="0" failures="0" timestamp="10 Jan 2020 13:38:03 GMT" skipped="0" hostname="DESKTOP-F8THS86" errors="0">
  <testcase name="WelcomeSignIn" time="2.543" classname="com.qa.test.nopCommerce_Test"/>
  <testcase name="JewelryAddToCart" time="11.813" classname="com.qa.test.nopCommerce_Test"/>
  <testcase name="CellPhoneAddTocart" time="10.951" classname="com.qa.test.nopCommerce_Test"/>
  <testcase name="JewelryItemUpdate" time="13.568" classname="com.qa.test.nopCommerce_Test"/>
</testsuite> <!-- com.qa.test.nopCommerce_Test -->
