<?xml version="1.0" encoding="UTF-8"?>
<!-- Generated by org.testng.reporters.JUnitReportReporter -->
<testsuite name="com.qa.test.NopCommerce_CellPhones_Test" tests="4" time="120.264" ignored="0" failures="0" timestamp="10 Jan 2020 13:05:40 GMT" skipped="0" hostname="DESKTOP-I6Q45NM" errors="0">
  <testcase name="verifyUpdatecart" time="100.214" classname="com.qa.test.NopCommerce_CellPhones_Test"/>
  <testcase name="verifyAddtoCartJewellery" time="11.098" classname="com.qa.test.NopCommerce_CellPhones_Test"/>
  <testcase name="Signin" time="2.848" classname="com.qa.test.NopCommerce_CellPhones_Test"/>
  <testcase name="verifyCellphoneAddtoCart" time="6.104" classname="com.qa.test.NopCommerce_CellPhones_Test"/>
</testsuite> <!-- com.qa.test.NopCommerce_CellPhones_Test -->
