<?xml version="1.0" encoding="UTF-8"?>
<!-- Generated by org.testng.reporters.JUnitReportReporter -->
<testsuite skipped="0" hostname="DESKTOP-HI8BTL5" name="com.qa.test.Testcase" tests="2" failures="0" timestamp="09 Jan 2020 10:02:29 GMT" time="7.248" errors="0">
  <testcase name="LoginDemoGuru" time="2.258" classname="com.qa.test.Testcase"/>
  <testcase name="InsurancePage" time="4.990" classname="com.qa.test.Testcase"/>
</testsuite> <!-- com.qa.test.Testcase -->
