<?xml version="1.0" encoding="UTF-8"?>
<!-- Generated by org.testng.reporters.JUnitReportReporter -->
<testsuite skipped="0" hostname="LP-CNU3099WJB" name="com.qa.test.NopCommerceElectronicsTest" tests="8" failures="0" timestamp="10 Jan 2020 13:16:40 GMT" time="42.970" errors="0">
  <testcase name="ValidateCellphonePage" time="5.569" classname="com.qa.test.NopCommerceElectronicsTest"/>
  <testcase name="AddingCellPhoneToCart" time="7.366" classname="com.qa.test.NopCommerceElectronicsTest"/>
  <testcase name="AddingJewelryToCart" time="11.398" classname="com.qa.test.NopCommerceElectronicsTest"/>
  <testcase name="nopCommerce_ClickOnShoppingCart" time="8.942" classname="com.qa.test.NopCommerceElectronicsTest"/>
  <testcase name="nopCommerce_VerifyShoppinfCart" time="2.066" classname="com.qa.test.NopCommerceElectronicsTest"/>
  <testcase name="nopCommerce_UpdateJewelryQuantity" time="1.265" classname="com.qa.test.NopCommerceElectronicsTest"/>
  <testcase name="nopCommerce_verifyTermsAndServicePopup" time="0.192" classname="com.qa.test.NopCommerceElectronicsTest"/>
  <testcase name="check_TermsAndService" time="6.172" classname="com.qa.test.NopCommerceElectronicsTest"/>
</testsuite> <!-- com.qa.test.NopCommerceElectronicsTest -->
