<?xml version="1.0" encoding="UTF-8"?>
<!-- Generated by org.testng.reporters.JUnitReportReporter -->
<<<<<<< HEAD
<testsuite hostname="DESKTOP-32OK8HI" name="com.qa.pages.SampleTest" tests="1" failures="0" timestamp="7 Jan 2020 09:28:49 GMT" time="2.720" errors="0">
  <testcase name="test_Home_Page_Appear_Correct" time="2.720" classname="com.qa.pages.SampleTest"/>
=======
<testsuite skipped="0" hostname="LP-H7T2WQ1" name="com.qa.pages.SampleTest" tests="1" failures="0" timestamp="07 Jan 2020 09:47:05 GMT" time="4.544" errors="0">
  <testcase name="test_Home_Page_Appear_Correct" time="4.544" classname="com.qa.pages.SampleTest"/>
>>>>>>> f63e309f9486b32a9a185297206a89e53438edd4
</testsuite> <!-- com.qa.pages.SampleTest -->
