<?xml version="1.0" encoding="UTF-8"?>
<!-- Generated by org.testng.reporters.JUnitReportReporter -->
<testsuite hostname="om-PC" failures="0" tests="1" name="com.qa.pages.HomePage" time="3.953" errors="0" timestamp="2020-01-10T22:19:46 IST" skipped="0">
  <testcase classname="com.qa.pages.HomePage" name="ClickOnElectronicMenu" time="3.953"/>
</testsuite> <!-- com.qa.pages.HomePage -->
