<?xml version="1.0" encoding="UTF-8"?>
<!-- Generated by org.testng.reporters.JUnitReportReporter -->
<testsuite skipped="0" hostname="LP-5CD9296CX9" name="com.qa.test.TestCase001" tests="2" failures="0" timestamp="10 Jan 2020 10:00:43 GMT" time="6.743" errors="0">
  <testcase name="LoginDemoGuru" time="1.922" classname="com.qa.test.TestCase001"/>
  <testcase name="InsurancePage" time="4.821" classname="com.qa.test.TestCase001"/>
</testsuite> <!-- com.qa.test.TestCase001 -->
