<?xml version="1.0" encoding="UTF-8"?>
<!-- Generated by org.testng.reporters.JUnitReportReporter -->
<testsuite name="com.qa.test.NopCommerce_CellPhones_Test" tests="5" time="54.471" ignored="0" failures="0" timestamp="10 Jan 2020 14:09:05 GMT" skipped="0" hostname="DESKTOP-I6Q45NM" errors="0">
  <testcase name="Signin" time="3.762" classname="com.qa.test.NopCommerce_CellPhones_Test"/>
  <testcase name="verifyUpdatecart" time="13.863" classname="com.qa.test.NopCommerce_CellPhones_Test"/>
  <testcase name="verifyAddtoCartJewellery" time="16.072" classname="com.qa.test.NopCommerce_CellPhones_Test"/>
  <testcase name="verifyCellphoneAddtoCart" time="8.449" classname="com.qa.test.NopCommerce_CellPhones_Test"/>
  <testcase name="Ordersuccess" time="12.325" classname="com.qa.test.NopCommerce_CellPhones_Test"/>
</testsuite> <!-- com.qa.test.NopCommerce_CellPhones_Test -->
