<?xml version="1.0" encoding="UTF-8"?>
<!-- Generated by org.testng.reporters.JUnitReportReporter -->
<testsuite skipped="0" hostname="LP-CNU3099WJB" name="com.qa.test.NopCommerceElectronicsTest" tests="9" failures="0" timestamp="10 Jan 2020 14:06:05 GMT" time="54.060" errors="0">
  <testcase name="ValidateCellphonePage" time="1.909" classname="com.qa.test.NopCommerceElectronicsTest"/>
  <testcase name="AddingCellPhoneToCart" time="7.062" classname="com.qa.test.NopCommerceElectronicsTest"/>
  <testcase name="AddingJewelryToCart" time="13.856" classname="com.qa.test.NopCommerceElectronicsTest"/>
  <testcase name="nopCommerce_ClickOnShoppingCart" time="7.534" classname="com.qa.test.NopCommerceElectronicsTest"/>
  <testcase name="nopCommerce_VerifyShoppinfCart" time="2.079" classname="com.qa.test.NopCommerceElectronicsTest"/>
  <testcase name="nopCommerce_UpdateJewelryQuantity" time="1.090" classname="com.qa.test.NopCommerceElectronicsTest"/>
  <testcase name="nopCommerce_verifyTermsAndServicePopup" time="0.253" classname="com.qa.test.NopCommerceElectronicsTest"/>
  <testcase name="check_TermsAndService" time="6.245" classname="com.qa.test.NopCommerceElectronicsTest"/>
  <testcase name="detailsCreation" time="14.032" classname="com.qa.test.NopCommerceElectronicsTest"/>
</testsuite> <!-- com.qa.test.NopCommerceElectronicsTest -->
