<?xml version="1.0" encoding="UTF-8"?>
<!-- Generated by org.testng.reporters.JUnitReportReporter -->
<testsuite hostname="DESKTOP-32OK8HI" name="com.qa.test.AddingCellPhoneToCart" tests="1" failures="0" timestamp="10 Jan 2020 08:53:20 GMT" time="21.220" errors="0">
  <testcase name="AddingCellPhoneToCart" time="21.220" classname="com.qa.test.AddingCellPhoneToCart"/>
</testsuite> <!-- com.qa.test.AddingCellPhoneToCart -->
