<?xml version="1.0" encoding="UTF-8"?>
<!-- Generated by org.testng.reporters.JUnitReportReporter -->
<testsuite hostname="om-PC" failures="0" tests="1" name="com.qa.pages.JewleryPage" time="17.780" errors="0" timestamp="2020-01-10T22:19:46 IST" skipped="0">
  <testcase classname="com.qa.pages.JewleryPage" name="ClickOnJewelsAndAddtoCart" time="17.780"/>
</testsuite> <!-- com.qa.pages.JewleryPage -->
