<?xml version="1.0" encoding="UTF-8"?>
<!-- Generated by org.testng.reporters.JUnitReportReporter -->
<testsuite skipped="0" hostname="LP-5CG51021N6" name="HomePageAlliantTest" tests="2" failures="0" timestamp="09 Jan 2020 12:32:41 GMT" time="3.400" errors="0">
  <testcase name="sampletest" time="2.392" classname="HomePageAlliantTest"/>
  <testcase name="writeDataIntoExcel" time="1.008" classname="HomePageAlliantTest"/>
</testsuite> <!-- HomePageAlliantTest -->
