<?xml version="1.0" encoding="UTF-8"?>
<!-- Generated by org.testng.reporters.JUnitReportReporter -->
<testsuite skipped="0" hostname="LP-GLRK7R1" name="com.qa.test.Testcase" tests="2" failures="0" timestamp="09 Jan 2020 12:20:58 GMT" time="10.222" errors="0">
  <testcase name="LoginDemoGuru" time="5.159" classname="com.qa.test.Testcase"/>
  <testcase name="InsurancePage" time="5.063" classname="com.qa.test.Testcase"/>
</testsuite> <!-- com.qa.test.Testcase -->
