<?xml version="1.0" encoding="UTF-8"?>
<!-- Generated by org.testng.reporters.JUnitReportReporter -->
<testsuite name="com.qa.test.NopCommerce_CellPhones_Test" tests="3" time="35.597" ignored="0" failures="0" timestamp="10 Jan 2020 12:04:12 GMT" skipped="0" hostname="DESKTOP-I6Q45NM" errors="0">
  <testcase name="verifyAddtoCartJewellery" time="12.697" classname="com.qa.test.NopCommerce_CellPhones_Test"/>
  <testcase name="verifyUpdatecart" time="10.354" classname="com.qa.test.NopCommerce_CellPhones_Test"/>
  <testcase name="verifyCellphoneAddtoCart" time="12.546" classname="com.qa.test.NopCommerce_CellPhones_Test"/>
</testsuite> <!-- com.qa.test.NopCommerce_CellPhones_Test -->
