<?xml version="1.0" encoding="UTF-8"?>
<!-- Generated by org.testng.reporters.JUnitReportReporter -->
<testsuite hostname="om-PC" failures="0" tests="2" name="com.qa.pages.SampleTest" time="5.149" errors="0" timestamp="2020-01-08T22:16:42 IST" skipped="0">
  <testcase classname="com.qa.pages.SampleTest" name="test_Home_Page_Appear_Correct" time="1.907"/>
  <testcase classname="com.qa.pages.SampleTest" name="Insurance" time="3.242"/>
</testsuite> <!-- com.qa.pages.SampleTest -->
