<?xml version="1.0" encoding="UTF-8"?>
<!-- Generated by org.testng.reporters.JUnitReportReporter -->
<testsuite skipped="0" hostname="LP-5CD911D3P5" name="com.qa.test.NopCommerceTestCases" tests="7" failures="0" timestamp="10 Jan 2020 13:46:15 GMT" time="33.721" errors="0">
  <testcase name="NopCommerceSelectMobileValidation" time="9.162" classname="com.qa.test.NopCommerceTestCases"/>
  <testcase name="NopCommerceSelectJweleryValidation" time="5.881" classname="com.qa.test.NopCommerceTestCases"/>
  <testcase name="NopCommerceCartValidation" time="0.036" classname="com.qa.test.NopCommerceTestCases"/>
  <testcase name="NopCommerceUpdateAndCheckoutvalidation" time="4.112" classname="com.qa.test.NopCommerceTestCases"/>
  <testcase name="NopCommerceSignInPageValidation" time="1.440" classname="com.qa.test.NopCommerceTestCases"/>
  <testcase name="NopCommerceEnterDeatils" time="9.202" classname="com.qa.test.NopCommerceTestCases"/>
  <testcase name="NopCommerceVerifySuccesspage" time="3.888" classname="com.qa.test.NopCommerceTestCases"/>
</testsuite> <!-- com.qa.test.NopCommerceTestCases -->
